C:\USERS\JAMIE\DOCUMENTS\VISUAL STUDIO 2012\PROJECTS\PROJECT1\PROJECT1\DEBUG\MAIN.OBJ
C:\USERS\JAMIE\DOCUMENTS\VISUAL STUDIO 2012\PROJECTS\PROJECT1\PROJECT1\DEBUG\VC110.PDB
C:\USERS\JAMIE\DOCUMENTS\VISUAL STUDIO 2012\PROJECTS\PROJECT1\PROJECT1\DEBUG\BMP.OBJ
C:\USERS\JAMIE\DOCUMENTS\VISUAL STUDIO 2012\PROJECTS\PROJECT1\PROJECT1\DEBUG\MYCANVAS.OBJ
C:\USERS\JAMIE\DOCUMENTS\VISUAL STUDIO 2012\PROJECTS\PROJECT1\DEBUG\PROJECT1.ILK
C:\USERS\JAMIE\DOCUMENTS\VISUAL STUDIO 2012\PROJECTS\PROJECT1\DEBUG\PROJECT1.EXE
C:\USERS\JAMIE\DOCUMENTS\VISUAL STUDIO 2012\PROJECTS\PROJECT1\DEBUG\PROJECT1.PDB
C:\Users\Jamie\Documents\Visual Studio 2012\Projects\Project1\Project1\Debug\BMP.obj
C:\Users\Jamie\Documents\Visual Studio 2012\Projects\Project1\Project1\Debug\main.obj
C:\Users\Jamie\Documents\Visual Studio 2012\Projects\Project1\Project1\Debug\cl.command.1.tlog
C:\Users\Jamie\Documents\Visual Studio 2012\Projects\Project1\Project1\Debug\CL.read.1.tlog
C:\Users\Jamie\Documents\Visual Studio 2012\Projects\Project1\Project1\Debug\CL.write.1.tlog
C:\Users\Jamie\Documents\Visual Studio 2012\Projects\Project1\Project1\Debug\link-cvtres.read.1.tlog
C:\Users\Jamie\Documents\Visual Studio 2012\Projects\Project1\Project1\Debug\link-cvtres.write.1.tlog
C:\Users\Jamie\Documents\Visual Studio 2012\Projects\Project1\Project1\Debug\link-rc.read.1.tlog
C:\Users\Jamie\Documents\Visual Studio 2012\Projects\Project1\Project1\Debug\link-rc.write.1.tlog
C:\Users\Jamie\Documents\Visual Studio 2012\Projects\Project1\Project1\Debug\link.1472-cvtres.read.1.tlog
C:\Users\Jamie\Documents\Visual Studio 2012\Projects\Project1\Project1\Debug\link.1472-cvtres.write.1.tlog
C:\Users\Jamie\Documents\Visual Studio 2012\Projects\Project1\Project1\Debug\link.1472-rc.read.1.tlog
C:\Users\Jamie\Documents\Visual Studio 2012\Projects\Project1\Project1\Debug\link.1472-rc.write.1.tlog
C:\Users\Jamie\Documents\Visual Studio 2012\Projects\Project1\Project1\Debug\link.1472.read.1.tlog
C:\Users\Jamie\Documents\Visual Studio 2012\Projects\Project1\Project1\Debug\link.1472.write.1.tlog
C:\Users\Jamie\Documents\Visual Studio 2012\Projects\Project1\Project1\Debug\link.2944-cvtres.read.1.tlog
C:\Users\Jamie\Documents\Visual Studio 2012\Projects\Project1\Project1\Debug\link.2944-cvtres.write.1.tlog
C:\Users\Jamie\Documents\Visual Studio 2012\Projects\Project1\Project1\Debug\link.2944-rc.read.1.tlog
C:\Users\Jamie\Documents\Visual Studio 2012\Projects\Project1\Project1\Debug\link.2944-rc.write.1.tlog
C:\Users\Jamie\Documents\Visual Studio 2012\Projects\Project1\Project1\Debug\link.2944.read.1.tlog
C:\Users\Jamie\Documents\Visual Studio 2012\Projects\Project1\Project1\Debug\link.2944.write.1.tlog
C:\Users\Jamie\Documents\Visual Studio 2012\Projects\Project1\Project1\Debug\link.3392-cvtres.read.1.tlog
C:\Users\Jamie\Documents\Visual Studio 2012\Projects\Project1\Project1\Debug\link.3392-cvtres.write.1.tlog
C:\Users\Jamie\Documents\Visual Studio 2012\Projects\Project1\Project1\Debug\link.3392-rc.read.1.tlog
C:\Users\Jamie\Documents\Visual Studio 2012\Projects\Project1\Project1\Debug\link.3392-rc.write.1.tlog
C:\Users\Jamie\Documents\Visual Studio 2012\Projects\Project1\Project1\Debug\link.3392.read.1.tlog
C:\Users\Jamie\Documents\Visual Studio 2012\Projects\Project1\Project1\Debug\link.3392.write.1.tlog
C:\Users\Jamie\Documents\Visual Studio 2012\Projects\Project1\Project1\Debug\link.3448-cvtres.read.1.tlog
C:\Users\Jamie\Documents\Visual Studio 2012\Projects\Project1\Project1\Debug\link.3448-cvtres.write.1.tlog
C:\Users\Jamie\Documents\Visual Studio 2012\Projects\Project1\Project1\Debug\link.3448-rc.read.1.tlog
C:\Users\Jamie\Documents\Visual Studio 2012\Projects\Project1\Project1\Debug\link.3448-rc.write.1.tlog
C:\Users\Jamie\Documents\Visual Studio 2012\Projects\Project1\Project1\Debug\link.3448.read.1.tlog
C:\Users\Jamie\Documents\Visual Studio 2012\Projects\Project1\Project1\Debug\link.3448.write.1.tlog
C:\Users\Jamie\Documents\Visual Studio 2012\Projects\Project1\Project1\Debug\link.3660-cvtres.read.1.tlog
C:\Users\Jamie\Documents\Visual Studio 2012\Projects\Project1\Project1\Debug\link.3660-cvtres.write.1.tlog
C:\Users\Jamie\Documents\Visual Studio 2012\Projects\Project1\Project1\Debug\link.3660-rc.read.1.tlog
C:\Users\Jamie\Documents\Visual Studio 2012\Projects\Project1\Project1\Debug\link.3660-rc.write.1.tlog
C:\Users\Jamie\Documents\Visual Studio 2012\Projects\Project1\Project1\Debug\link.3660.read.1.tlog
C:\Users\Jamie\Documents\Visual Studio 2012\Projects\Project1\Project1\Debug\link.3660.write.1.tlog
C:\Users\Jamie\Documents\Visual Studio 2012\Projects\Project1\Project1\Debug\link.command.1.tlog
C:\Users\Jamie\Documents\Visual Studio 2012\Projects\Project1\Project1\Debug\link.read.1.tlog
C:\Users\Jamie\Documents\Visual Studio 2012\Projects\Project1\Project1\Debug\link.write.1.tlog
C:\Users\Jamie\Documents\Visual Studio 2012\Projects\Project1\Project1\Debug\vc110.idb
C:\Users\Jamie\Documents\Visual Studio 2012\Projects\Project1\Project1\Debug\vc110.pdb
C:\Users\Jamie\Documents\Visual Studio 2012\Projects\Project1\Debug\Project1.pdb
C:\Users\Jamie\Documents\Visual Studio 2012\Projects\Project1\Debug\Project1.exe
C:\Users\Jamie\Documents\Visual Studio 2012\Projects\Project1\Debug\Project1.ilk
